synthesis:  version Diamond (64-bit) 3.11.0.396.4

Copyright (c) 1991-1994 by NeoCAD Inc. All rights reserved.
Copyright (c) 1995 AT&T Corp.   All rights reserved.
Copyright (c) 1995-2001 Lucent Technologies Inc.  All rights reserved.
Copyright (c) 2001 Agere Systems   All rights reserved.
Copyright (c) 2002-2019 Lattice Semiconductor Corporation,  All rights reserved.
Tue Sep 29 19:45:53 2020


Command Line:  C:\lscc\diamond\3.11_x64\ispfpga\bin\nt64\synthesis.exe -f gpif_fifo.synproj -sdc G:/cypress_prj/slfifo_prj/IP/fifo/gpif_fifo/gpif_fifo.ldc -gui 

Synthesis options:
The -a option is ecp5u.
The -s option is 6.
The -t option is CABGA381.
The -d option is LFE5U-45F.
Using package CABGA381.
Using performance grade 6.
                                                          

##########################################################

### Lattice Family : ECP5U

### Device  : LFE5U-45F

### Package : CABGA381

### Speed   : 6

##########################################################

                                                          

INFO - synthesis: User-Selected Strategy Settings
Optimization goal = Balanced
Top-level module name = gpif_fifo.
Target frequency = 200.000000 MHz.
Maximum fanout = 1000.
Timing path count = 3
BRAM utilization = 100.000000 %
DSP usage = true (default)
DSP utilization = 100 % (default)
fsm_encoding_style = auto
resolve_mixed_drivers = 0
fix_gated_clocks = 1

Mux style = Auto
Use Carry Chain = true
carry_chain_length = 0
Use IO Insertion = FALSE
Use IO Reg = FALSE (implied)
WARNING - synthesis: Cannot pack registers into I/Os because use_io_insertion is FALSE.
WARNING - synthesis: Ignoring user setting of use_io_reg. Value is set to FALSE.
Use IO Reg = FALSE
Resource Sharing = TRUE
Propagate Constants = TRUE
Remove Duplicate Registers = TRUE
force_gsr = auto
ROM style = auto
RAM style = auto
The -comp option is FALSE.
The -syn option is FALSE.
-p G:/cypress_prj/slfifo_prj/IP/fifo/gpif_fifo (searchpath added)
Verilog design file = C:/lscc/diamond/3.11_x64/cae_library/synthesis/verilog/ecp5u.v
Verilog design file = C:/lscc/diamond/3.11_x64/cae_library/synthesis/verilog/pmi_def.v
Verilog design file = G:/cypress_prj/slfifo_prj/IP/fifo/gpif_fifo/gpif_fifo.v
NGO file = G:/cypress_prj/slfifo_prj/IP/fifo/gpif_fifo/gpif_fifo.ngo
WARNING - synthesis: Option -force_gsr will be set to false when option -output_edif/-ngo are set
-sdc option: SDC file input is G:/cypress_prj/slfifo_prj/IP/fifo/gpif_fifo/gpif_fifo.ldc.
-lpf option: Output file option is ON.
Hardtimer checking is enabled (default). The -dt option is not used.
The -r option is OFF. [ Remove LOC Properties is OFF. ]
Technology check ok...

Analyzing Verilog file C:/lscc/diamond/3.11_x64/ispfpga/userware/NT/SYNTHESIS_HEADERS/ecp5u.v. VERI-1482
Compile design.
Compile Design Begin
Analyzing Verilog file c:/lscc/diamond/3.11_x64/cae_library/synthesis/verilog/ecp5u.v. VERI-1482
Analyzing Verilog file c:/lscc/diamond/3.11_x64/cae_library/synthesis/verilog/pmi_def.v. VERI-1482
Analyzing Verilog file g:/cypress_prj/slfifo_prj/ip/fifo/gpif_fifo/gpif_fifo.v. VERI-1482
Analyzing Verilog file C:/lscc/diamond/3.11_x64/ispfpga/userware/NT/SYNTHESIS_HEADERS/ecp5u.v. VERI-1482
Top module name (Verilog): gpif_fifo
INFO - synthesis: g:/cypress_prj/slfifo_prj/ip/fifo/gpif_fifo/gpif_fifo.v(8): compiling module gpif_fifo. VERI-1018
INFO - synthesis: C:/lscc/diamond/3.11_x64/ispfpga/userware/NT/SYNTHESIS_HEADERS/ecp5u.v(25): compiling module AND2. VERI-1018
INFO - synthesis: C:/lscc/diamond/3.11_x64/ispfpga/userware/NT/SYNTHESIS_HEADERS/ecp5u.v(367): compiling module INV. VERI-1018
INFO - synthesis: C:/lscc/diamond/3.11_x64/ispfpga/userware/NT/SYNTHESIS_HEADERS/ecp5u.v(810): compiling module XOR2. VERI-1018
INFO - synthesis: C:/lscc/diamond/3.11_x64/ispfpga/userware/NT/SYNTHESIS_HEADERS/ecp5u.v(710): compiling module ROM16X1A(initval=16'b011001000110010). VERI-1018
INFO - synthesis: C:/lscc/diamond/3.11_x64/ispfpga/userware/NT/SYNTHESIS_HEADERS/ecp5u.v(866): compiling module DP16KD(DATA_WIDTH_A=2,DATA_WIDTH_B=2,REGMODE_A="OUTREG",REGMODE_B="OUTREG"). VERI-1018
INFO - synthesis: C:/lscc/diamond/3.11_x64/ispfpga/userware/NT/SYNTHESIS_HEADERS/ecp5u.v(119): compiling module FD1P3DX. VERI-1018
INFO - synthesis: C:/lscc/diamond/3.11_x64/ispfpga/userware/NT/SYNTHESIS_HEADERS/ecp5u.v(160): compiling module FD1S3BX. VERI-1018
INFO - synthesis: C:/lscc/diamond/3.11_x64/ispfpga/userware/NT/SYNTHESIS_HEADERS/ecp5u.v(168): compiling module FD1S3DX. VERI-1018
INFO - synthesis: C:/lscc/diamond/3.11_x64/ispfpga/userware/NT/SYNTHESIS_HEADERS/ecp5u.v(76): compiling module CCU2C(INIT0=16'b0110011010101010,INIT1=16'b0110011010101010,INJECT1_0="NO",INJECT1_1="NO"). VERI-1018
INFO - synthesis: C:/lscc/diamond/3.11_x64/ispfpga/userware/NT/SYNTHESIS_HEADERS/ecp5u.v(76): compiling module CCU2C(INIT0=16'b1001100110101010,INIT1=16'b1001100110101010,INJECT1_0="NO",INJECT1_1="NO"). VERI-1018
INFO - synthesis: C:/lscc/diamond/3.11_x64/ispfpga/userware/NT/SYNTHESIS_HEADERS/ecp5u.v(757): compiling module VHI. VERI-1018
INFO - synthesis: C:/lscc/diamond/3.11_x64/ispfpga/userware/NT/SYNTHESIS_HEADERS/ecp5u.v(761): compiling module VLO. VERI-1018
WARNING - synthesis: g:/cypress_prj/slfifo_prj/ip/fifo/gpif_fifo/gpif_fifo.v(659): input port CIN is not connected on this instance. VDB-1013
WARNING - synthesis: g:/cypress_prj/slfifo_prj/ip/fifo/gpif_fifo/gpif_fifo.v(723): input port CIN is not connected on this instance. VDB-1013
WARNING - synthesis: g:/cypress_prj/slfifo_prj/ip/fifo/gpif_fifo/gpif_fifo.v(795): input port CIN is not connected on this instance. VDB-1013
WARNING - synthesis: g:/cypress_prj/slfifo_prj/ip/fifo/gpif_fifo/gpif_fifo.v(867): input port CIN is not connected on this instance. VDB-1013
WARNING - synthesis: g:/cypress_prj/slfifo_prj/ip/fifo/gpif_fifo/gpif_fifo.v(931): input port CIN is not connected on this instance. VDB-1013
Loading NGL library 'C:/lscc/diamond/3.11_x64/ispfpga/sa5p00/data/sa5plib.ngl'...
Loading NGL library 'C:/lscc/diamond/3.11_x64/ispfpga/xo2c00/data/xo2clib.ngl'...
Loading NGL library 'C:/lscc/diamond/3.11_x64/ispfpga/mg5g00/data/mg5glib.ngl'...
Loading NGL library 'C:/lscc/diamond/3.11_x64/ispfpga/or5g00/data/orc5glib.ngl'...
Loading device for application map from file 'sa5p45.nph' in environment: C:/lscc/diamond/3.11_x64/ispfpga.
Package Status:                     Final          Version 1.43.
WARNING - synthesis: There are no design constraints in the file G:/cypress_prj/slfifo_prj/IP/fifo/gpif_fifo/gpif_fifo.ldc
Top-level module name = gpif_fifo.
WARNING - synthesis: There are no design constraints in the file G:/cypress_prj/slfifo_prj/IP/fifo/gpif_fifo/gpif_fifo.ldc
This ldc file was generated by Clarity Designer!

WARNING - synthesis: g:/cypress_prj/slfifo_prj/ip/fifo/gpif_fifo/gpif_fifo.v(159): Removing unused instance _6. VDB-5034
WARNING - synthesis: g:/cypress_prj/slfifo_prj/ip/fifo/gpif_fifo/gpif_fifo.v(161): Removing unused instance _7. VDB-5034
WARNING - synthesis: g:/cypress_prj/slfifo_prj/ip/fifo/gpif_fifo/gpif_fifo.v(163): Removing unused instance _8. VDB-5034
WARNING - synthesis: g:/cypress_prj/slfifo_prj/ip/fifo/gpif_fifo/gpif_fifo.v(165): Removing unused instance _9. VDB-5034
WARNING - synthesis: g:/cypress_prj/slfifo_prj/ip/fifo/gpif_fifo/gpif_fifo.v(167): Removing unused instance _10. VDB-5034
WARNING - synthesis: g:/cypress_prj/slfifo_prj/ip/fifo/gpif_fifo/gpif_fifo.v(169): Removing unused instance _11. VDB-5034
WARNING - synthesis: g:/cypress_prj/slfifo_prj/ip/fifo/gpif_fifo/gpif_fifo.v(171): Removing unused instance _12. VDB-5034
WARNING - synthesis: g:/cypress_prj/slfifo_prj/ip/fifo/gpif_fifo/gpif_fifo.v(173): Removing unused instance _13. VDB-5034
WARNING - synthesis: g:/cypress_prj/slfifo_prj/ip/fifo/gpif_fifo/gpif_fifo.v(177): Removing unused instance _14. VDB-5034
WARNING - synthesis: g:/cypress_prj/slfifo_prj/ip/fifo/gpif_fifo/gpif_fifo.v(181): Removing unused instance _15. VDB-5034
WARNING - synthesis: g:/cypress_prj/slfifo_prj/ip/fifo/gpif_fifo/gpif_fifo.v(219): Removing unused instance _16. VDB-5034
WARNING - synthesis: g:/cypress_prj/slfifo_prj/ip/fifo/gpif_fifo/gpif_fifo.v(259): Removing unused instance _17. VDB-5034
WARNING - synthesis: g:/cypress_prj/slfifo_prj/ip/fifo/gpif_fifo/gpif_fifo.v(299): Removing unused instance _18. VDB-5034
WARNING - synthesis: g:/cypress_prj/slfifo_prj/ip/fifo/gpif_fifo/gpif_fifo.v(339): Removing unused instance _19. VDB-5034
WARNING - synthesis: g:/cypress_prj/slfifo_prj/ip/fifo/gpif_fifo/gpif_fifo.v(379): Removing unused instance _20. VDB-5034
WARNING - synthesis: g:/cypress_prj/slfifo_prj/ip/fifo/gpif_fifo/gpif_fifo.v(419): Removing unused instance _21. VDB-5034
WARNING - synthesis: g:/cypress_prj/slfifo_prj/ip/fifo/gpif_fifo/gpif_fifo.v(459): Removing unused instance _22. VDB-5034
WARNING - synthesis: g:/cypress_prj/slfifo_prj/ip/fifo/gpif_fifo/gpif_fifo.v(499): Removing unused instance _23. VDB-5034
######## Missing driver on net n473. Patching with GND.
######## Missing driver on net n472. Patching with GND.
######## Missing driver on net n474. Patching with GND.
######## Missing driver on net n475. Patching with GND.
######## Missing driver on net n476. Patching with GND.



######## GSR will not be inferred in an NGO flow, unless force_gsr=yes.
WARNING - synthesis: There are no design constraints in the file gpif_fifo_for_lpf.sdc
Writing LPF file G:/cypress_prj/slfifo_prj/IP/fifo/gpif_fifo/gpif_fifo.lpf.
Results of NGD DRC are available in gpif_fifo_drc.log.
WARNING - synthesis: DRC checking was skipped because the -ngo option was used.
Writing NGD file G:/cypress_prj/slfifo_prj/IP/fifo/gpif_fifo/gpif_fifo.ngo.

################### Begin Area Report (gpif_fifo)######################
Number of register bits => 44 of 44457 (0 % )
AND2 => 3
CCU2C => 42
DP16KD => 8
FD1P3DX => 42
FD1S3BX => 1
FD1S3DX => 1
GSR => 1
INV => 4
ROM16X1A => 2
XOR2 => 1
################### End Area Report ##################

################### Begin Clock Report ######################
Clock Nets
Number of Clocks: 0
Clock Enable Nets
Number of Clock Enables: 3
Top 3 highest fanout Clock Enables:
  Net : wren_i, loads : 47
  Net : rden_i, loads : 26
  Net : fcnt_en, loads : 14
Highest fanout non-clock nets
Top 10 highest fanout non-clock nets:
  Net : wren_i, loads : 47
  Net : rden_i, loads : 26
  Net : cnt_con, loads : 16
  Net : fcnt_en, loads : 14
  Net : wcount_0, loads : 9
  Net : wcount_1, loads : 9
  Net : wcount_2, loads : 9
  Net : wcount_3, loads : 9
  Net : wcount_4, loads : 9
  Net : wcount_5, loads : 9
################### End Clock Report ##################

Timing Report Summary
--------------
--------------------------------------------------------------------------------
Constraint                              |   Constraint|       Actual|Levels
--------------------------------------------------------------------------------
                                        |             |             |
create_clock -period 5.000000 -name     |             |             |
clk500 [get_nets Clock]                 |  200.000 MHz|  105.108 MHz|    13 *
                                        |             |             |
--------------------------------------------------------------------------------


1 constraints not met.


Peak Memory Usage: 85.492  MB

--------------------------------------------------------------
Elapsed CPU time for LSE flow : 0.484  secs
--------------------------------------------------------------
